<?xml version="1.0" encoding="UTF-8"?>
<testsuite xmlns:xsi="http://www.w3.org/2001/XMLSchema-instance" xsi:noNamespaceSchemaLocation="https://maven.apache.org/surefire/maven-surefire-plugin/xsd/surefire-test-report-3.0.xsd" version="3.0" name="com.vitor.crudjava.CrudjavaApplicationTests" time="3.458" tests="1" errors="0" skipped="0" failures="0">
  <properties>
[...]
</properties>
  <testcase name="contextLoads" classname="com.vitor.crudjava.CrudjavaApplicationTests" time="0.341">
    <system-out><![CDATA[23:04:05.671 [main] INFO org.springframework.test.context.support.AnnotationConfigContextLoaderUtils -- Could not detect default configuration classes for test class [com.vitor.crudjava.CrudjavaApplicationTests]: CrudjavaApplicationTests does not declare any static, non-private, non-final, nested classes annotated with @Configuration.
23:04:05.734 [main] INFO org.springframework.boot.test.context.SpringBootTestContextBootstrapper -- Found @SpringBootConfiguration com.vitor.crudjava.CrudjavaApplication for test class com.vitor.crudjava.CrudjavaApplicationTests
23:04:05.837 [main] INFO org.springframework.boot.devtools.restart.RestartApplicationListener -- Restart disabled due to context in which it is running

  .   ____          _            __ _ _
 /\\ / ___'_ __ _ _(_)_ __  __ _ \ \ \ \
( ( )\___ | '_ | '_| | '_ \/ _` | \ \ \ \
 \\/  ___)| |_)| | | | | || (_| |  ) ) ) )
  '  |____| .__|_| |_|_| |_\__, | / / / /
 =========|_|==============|___/=/_/_/_/

 :: Spring Boot ::                (v3.3.1)

2024-09-26T23:04:06.028-03:00  INFO 178956 --- [crudjava] [           main] c.v.crudjava.CrudjavaApplicationTests    : Starting CrudjavaApplicationTests using Java 22.0.1 with PID 178956 (started by vitor in /home/vitor/devFolder/ToDoListJavaJr/crudjava)
2024-09-26T23:04:06.029-03:00  INFO 178956 --- [crudjava] [           main] c.v.crudjava.CrudjavaApplicationTests    : No active profile set, falling back to 1 default profile: "default"
2024-09-26T23:04:06.548-03:00  INFO 178956 --- [crudjava] [           main] .s.d.r.c.RepositoryConfigurationDelegate : Bootstrapping Spring Data JPA repositories in DEFAULT mode.
2024-09-26T23:04:06.595-03:00  INFO 178956 --- [crudjava] [           main] .s.d.r.c.RepositoryConfigurationDelegate : Finished Spring Data repository scanning in 41 ms. Found 1 JPA repository interface.
2024-09-26T23:04:06.965-03:00  INFO 178956 --- [crudjava] [           main] com.zaxxer.hikari.HikariDataSource       : HikariPool-1 - Starting...
2024-09-26T23:04:07.080-03:00  INFO 178956 --- [crudjava] [           main] com.zaxxer.hikari.pool.HikariPool        : HikariPool-1 - Added connection org.postgresql.jdbc.PgConnection@6a567f7b
2024-09-26T23:04:07.081-03:00  INFO 178956 --- [crudjava] [           main] com.zaxxer.hikari.HikariDataSource       : HikariPool-1 - Start completed.
2024-09-26T23:04:07.102-03:00  INFO 178956 --- [crudjava] [           main] org.flywaydb.core.FlywayExecutor         : Database: jdbc:postgresql://localhost:5401/todo (PostgreSQL 16.3)
2024-09-26T23:04:07.132-03:00  INFO 178956 --- [crudjava] [           main] o.f.core.internal.command.DbValidate     : Successfully validated 2 migrations (execution time 00:00.017s)
2024-09-26T23:04:07.167-03:00  INFO 178956 --- [crudjava] [           main] o.f.core.internal.command.DbMigrate      : Current version of schema "public": 2
2024-09-26T23:04:07.169-03:00  INFO 178956 --- [crudjava] [           main] o.f.core.internal.command.DbMigrate      : Schema "public" is up to date. No migration necessary.
2024-09-26T23:04:07.229-03:00  INFO 178956 --- [crudjava] [           main] o.hibernate.jpa.internal.util.LogHelper  : HHH000204: Processing PersistenceUnitInfo [name: default]
2024-09-26T23:04:07.278-03:00  INFO 178956 --- [crudjava] [           main] org.hibernate.Version                    : HHH000412: Hibernate ORM core version 6.5.2.Final
2024-09-26T23:04:07.302-03:00  INFO 178956 --- [crudjava] [           main] o.h.c.internal.RegionFactoryInitiator    : HHH000026: Second-level cache disabled
2024-09-26T23:04:07.497-03:00  INFO 178956 --- [crudjava] [           main] o.s.o.j.p.SpringPersistenceUnitInfo      : No LoadTimeWeaver setup: ignoring JPA class transformer
2024-09-26T23:04:08.004-03:00  INFO 178956 --- [crudjava] [           main] o.h.e.t.j.p.i.JtaPlatformInitiator       : HHH000489: No JTA platform available (set 'hibernate.transaction.jta.platform' to enable JTA platform integration)
2024-09-26T23:04:08.006-03:00  INFO 178956 --- [crudjava] [           main] j.LocalContainerEntityManagerFactoryBean : Initialized JPA EntityManagerFactory for persistence unit 'default'
2024-09-26T23:04:08.350-03:00  WARN 178956 --- [crudjava] [           main] JpaBaseConfiguration$JpaWebConfiguration : spring.jpa.open-in-view is enabled by default. Therefore, database queries may be performed during view rendering. Explicitly configure spring.jpa.open-in-view to disable this warning
2024-09-26T23:04:08.657-03:00  INFO 178956 --- [crudjava] [           main] c.v.crudjava.CrudjavaApplicationTests    : Started CrudjavaApplicationTests in 2.83 seconds (process running for 3.413)
]]></system-out>
    <system-err><![CDATA[WARNING: A Java agent has been loaded dynamically (/home/vitor/.m2/repository/net/bytebuddy/byte-buddy-agent/1.14.17/byte-buddy-agent-1.14.17.jar)
WARNING: If a serviceability tool is in use, please run with -XX:+EnableDynamicAgentLoading to hide this warning
WARNING: If a serviceability tool is not in use, please run with -Djdk.instrument.traceUsage for more information
WARNING: Dynamic loading of agents will be disallowed by default in a future release
]]></system-err>
  </testcase>
</testsuite>